#
# There is insufficient memory for the Java Runtime Environment to continue.
# Native memory allocation (mmap) failed to map 134217728 bytes for G1 virtual space
# Possible reasons:
#   The system is out of physical RAM or swap space
#   The process is running with CompressedOops enabled, and the Java Heap may be blocking the growth of the native heap
# Possible solutions:
#   Reduce memory load on the system
#   Increase physical memory or swap space
#   Check if swap backing store is full
#   Decrease Java heap size (-Xmx/-Xms)
#   Decrease number of Java threads
#   Decrease Java thread stack sizes (-Xss)
#   Set larger code cache with -XX:ReservedCodeCacheSize=
#   JVM is running with Unscaled Compressed Oops mode in which the Java heap is
#     placed in the first 4GB address space. The Java Heap base address is the
#     maximum limit for the native heap growth. Please use -XX:HeapBaseMinAddress
#     to set the Java Heap base and to place the Java Heap above 4GB virtual address.
# This output file may be truncated or incomplete.
#
#  Out of Memory Error (os_windows.cpp:3541), pid=4696, tid=15688
#
# JRE version:  (17.0.5+9) (build )
# Java VM: Java HotSpot(TM) 64-Bit Server VM (17.0.5+9-LTS-191, mixed mode, emulated-client, sharing, tiered, compressed oops, compressed class ptrs, g1 gc, windows-amd64)
# No core dump will be written. Minidumps are not enabled by default on client versions of Windows
#

---------------  S U M M A R Y ------------

Command Line: -XX:TieredStopAtLevel=1 -Dspring.output.ansi.enabled=always -Dcom.sun.management.jmxremote -Dspring.jmx.enabled=true -Dspring.liveBeansView.mbeanDomain -Dspring.application.admin.enabled=true -Dmanagement.endpoints.jmx.exposure.include=* -javaagent:C:\Users\user\AppData\Local\JetBrains\IntelliJ IDEA 2022.3.1\lib\idea_rt.jar=59120:C:\Users\user\AppData\Local\JetBrains\IntelliJ IDEA 2022.3.1\bin -Dfile.encoding=UTF-8 com.cjava.ejemplo.S01ExpRespaldoApplication

Host: Intel(R) Core(TM) i5-3210M CPU @ 2.50GHz, 4 cores, 7G,  Windows 10 , 64 bit Build 19041 (10.0.19041.2546)
Time: Sat Feb 25 10:21:10 2023 Hora est. Pacífico, Sudamérica elapsed time: 0.037912 seconds (0d 0h 0m 0s)

---------------  T H R E A D  ---------------

Current thread (0x000001e321882950):  JavaThread "Unknown thread" [_thread_in_vm, id=15688, stack(0x0000002bd2c00000,0x0000002bd2d00000)]

Stack: [0x0000002bd2c00000,0x0000002bd2d00000]
Native frames: (J=compiled Java code, j=interpreted, Vv=VM code, C=native code)
V  [jvm.dll+0x672eea]
V  [jvm.dll+0x7d2a04]
V  [jvm.dll+0x7d41ae]
V  [jvm.dll+0x7d4813]
V  [jvm.dll+0x242c15]
V  [jvm.dll+0x66fe09]
V  [jvm.dll+0x664682]
V  [jvm.dll+0x300e8b]
V  [jvm.dll+0x308426]
V  [jvm.dll+0x357ffe]
V  [jvm.dll+0x35822f]
V  [jvm.dll+0x2d80a8]
V  [jvm.dll+0x2d9014]
V  [jvm.dll+0x7a44e1]
V  [jvm.dll+0x365df1]
V  [jvm.dll+0x7838fc]
V  [jvm.dll+0x3e873f]
V  [jvm.dll+0x3ea1e1]
C  [jli.dll+0x527b]
C  [ucrtbase.dll+0x21bb2]
C  [KERNEL32.DLL+0x17614]
C  [ntdll.dll+0x526a1]


---------------  P R O C E S S  ---------------

Threads class SMR info:
_java_thread_list=0x00007ffd69eaa8d8, length=0, elements={
}

Java Threads: ( => current thread )

Other Threads:
  0x000001e3218de590 GCTaskThread "GC Thread#0" [stack: 0x0000002bd2d00000,0x0000002bd2e00000] [id=15684]
  0x000001e3218ef060 ConcurrentGCThread "G1 Main Marker" [stack: 0x0000002bd2e00000,0x0000002bd2f00000] [id=11172]
  0x000001e3218ef980 ConcurrentGCThread "G1 Conc#0" [stack: 0x0000002bd2f00000,0x0000002bd3000000] [id=8676]

[error occurred during error reporting (printing all threads), id 0xc0000005, EXCEPTION_ACCESS_VIOLATION (0xc0000005) at pc=0x00007ffd696f8a97]

VM state: not at safepoint (not fully initialized)

VM Mutex/Monitor currently owned by a thread:  ([mutex/lock_event])
[0x000001e32187eba0] Heap_lock - owner thread: 0x000001e321882950

Heap address: 0x0000000081c00000, size: 2020 MB, Compressed Oops mode: 32-bit

CDS archive(s) mapped at: [0x0000000000000000-0x0000000000000000-0x0000000000000000), size 0, SharedBaseAddress: 0x0000000800000000, ArchiveRelocationMode: 0.
Narrow klass base: 0x0000000000000000, Narrow klass shift: 0, Narrow klass range: 0x0

GC Precious Log:
<Empty>

Heap:
 garbage-first heap   total 0K, used 0K [0x0000000081c00000, 0x0000000100000000)
  region size 1024K, 0 young (0K), 0 survivors (0K)

[error occurred during error reporting (printing heap information), id 0xc0000005, EXCEPTION_ACCESS_VIOLATION (0xc0000005) at pc=0x00007ffd69adc399]

GC Heap History (0 events):
No events

Deoptimization events (0 events):
No events

Classes unloaded (0 events):
No events

Classes redefined (0 events):
No events

Internal exceptions (0 events):
No events

VM Operations (0 events):
No events

Events (1 events):
Event: 0.025 Loaded shared library C:\Program Files\Java\jdk-17.0.5\bin\java.dll


Dynamic libraries:
0x00007ff797a60000 - 0x00007ff797a70000 	C:\Program Files\Java\jdk-17.0.5\bin\java.exe
0x00007ffd81ef0000 - 0x00007ffd820e8000 	C:\Windows\SYSTEM32\ntdll.dll
0x00007ffd7ffe0000 - 0x00007ffd8009f000 	C:\Windows\System32\KERNEL32.DLL
0x00007ffd7f950000 - 0x00007ffd7fc22000 	C:\Windows\System32\KERNELBASE.dll
0x00007ffd7f790000 - 0x00007ffd7f890000 	C:\Windows\System32\ucrtbase.dll
0x00007ffd6a070000 - 0x00007ffd6a08a000 	C:\Program Files\Java\jdk-17.0.5\bin\VCRUNTIME140.dll
0x00007ffd6a090000 - 0x00007ffd6a0a8000 	C:\Program Files\Java\jdk-17.0.5\bin\jli.dll
0x00007ffd7ff30000 - 0x00007ffd7ffde000 	C:\Windows\System32\ADVAPI32.dll
0x00007ffd815c0000 - 0x00007ffd8165e000 	C:\Windows\System32\msvcrt.dll
0x00007ffd80c60000 - 0x00007ffd80cfc000 	C:\Windows\System32\sechost.dll
0x00007ffd81410000 - 0x00007ffd81535000 	C:\Windows\System32\RPCRT4.dll
0x00007ffd81660000 - 0x00007ffd81801000 	C:\Windows\System32\USER32.dll
0x00007ffd7f890000 - 0x00007ffd7f8b2000 	C:\Windows\System32\win32u.dll
0x00007ffd801c0000 - 0x00007ffd801eb000 	C:\Windows\System32\GDI32.dll
0x00007ffd78680000 - 0x00007ffd7891a000 	C:\Windows\WinSxS\amd64_microsoft.windows.common-controls_6595b64144ccf1df_6.0.19041.1110_none_60b5254171f9507e\COMCTL32.dll
0x00007ffd7f5e0000 - 0x00007ffd7f6ef000 	C:\Windows\System32\gdi32full.dll
0x00007ffd7fd30000 - 0x00007ffd7fdcd000 	C:\Windows\System32\msvcp_win.dll
0x00007ffd75c50000 - 0x00007ffd75c5a000 	C:\Windows\SYSTEM32\VERSION.dll
0x00007ffd80c20000 - 0x00007ffd80c52000 	C:\Windows\System32\IMM32.DLL
0x00007ffd6a880000 - 0x00007ffd6a88c000 	C:\Program Files\Java\jdk-17.0.5\bin\vcruntime140_1.dll
0x00007ffd69fe0000 - 0x00007ffd6a06d000 	C:\Program Files\Java\jdk-17.0.5\bin\msvcp140.dll
0x00007ffd69410000 - 0x00007ffd69fd2000 	C:\Program Files\Java\jdk-17.0.5\bin\server\jvm.dll
0x00007ffd80e30000 - 0x00007ffd80e38000 	C:\Windows\System32\PSAPI.DLL
0x00007ffd69400000 - 0x00007ffd69409000 	C:\Windows\SYSTEM32\WSOCK32.dll
0x00007ffd80bb0000 - 0x00007ffd80c1b000 	C:\Windows\System32\WS2_32.dll
0x00007ffd75500000 - 0x00007ffd75527000 	C:\Windows\SYSTEM32\WINMM.dll
0x00007ffd7d460000 - 0x00007ffd7d472000 	C:\Windows\SYSTEM32\kernel.appcore.dll
0x00007ffd68fa0000 - 0x00007ffd68faa000 	C:\Program Files\Java\jdk-17.0.5\bin\jimage.dll
0x00007ffd7a3d0000 - 0x00007ffd7a5b4000 	C:\Windows\SYSTEM32\DBGHELP.DLL
0x00007ffd7a260000 - 0x00007ffd7a295000 	C:\Windows\SYSTEM32\dbgcore.DLL
0x00007ffd7f8c0000 - 0x00007ffd7f942000 	C:\Windows\System32\bcryptPrimitives.dll
0x00007ffd7ad10000 - 0x00007ffd7ad1e000 	C:\Program Files\Java\jdk-17.0.5\bin\instrument.dll
0x00007ffd68f60000 - 0x00007ffd68f85000 	C:\Program Files\Java\jdk-17.0.5\bin\java.dll

dbghelp: loaded successfully - version: 4.0.5 - missing functions: none
symbol engine: initialized successfully - sym options: 0x614 - pdb path: .;C:\Program Files\Java\jdk-17.0.5\bin;C:\Windows\SYSTEM32;C:\Windows\WinSxS\amd64_microsoft.windows.common-controls_6595b64144ccf1df_6.0.19041.1110_none_60b5254171f9507e;C:\Program Files\Java\jdk-17.0.5\bin\server

VM Arguments:
jvm_args: -XX:TieredStopAtLevel=1 -Dspring.output.ansi.enabled=always -Dcom.sun.management.jmxremote -Dspring.jmx.enabled=true -Dspring.liveBeansView.mbeanDomain -Dspring.application.admin.enabled=true -Dmanagement.endpoints.jmx.exposure.include=* -javaagent:C:\Users\user\AppData\Local\JetBrains\IntelliJ IDEA 2022.3.1\lib\idea_rt.jar=59120:C:\Users\user\AppData\Local\JetBrains\IntelliJ IDEA 2022.3.1\bin -Dfile.encoding=UTF-8 
java_command: com.cjava.ejemplo.S01ExpRespaldoApplication
java_class_path (initial): C:\cjava\expert\sesion01\recursos\s01_exp_respaldo\target\classes;C:\Users\user\.m2\repository\org\springframework\boot\spring-boot-starter-actuator\3.0.2\spring-boot-starter-actuator-3.0.2.jar;C:\Users\user\.m2\repository\org\springframework\boot\spring-boot-starter\3.0.2\spring-boot-starter-3.0.2.jar;C:\Users\user\.m2\repository\org\springframework\boot\spring-boot\3.0.2\spring-boot-3.0.2.jar;C:\Users\user\.m2\repository\org\springframework\boot\spring-boot-autoconfigure\3.0.2\spring-boot-autoconfigure-3.0.2.jar;C:\Users\user\.m2\repository\org\springframework\boot\spring-boot-starter-logging\3.0.2\spring-boot-starter-logging-3.0.2.jar;C:\Users\user\.m2\repository\ch\qos\logback\logback-classic\1.4.5\logback-classic-1.4.5.jar;C:\Users\user\.m2\repository\ch\qos\logback\logback-core\1.4.5\logback-core-1.4.5.jar;C:\Users\user\.m2\repository\org\apache\logging\log4j\log4j-to-slf4j\2.19.0\log4j-to-slf4j-2.19.0.jar;C:\Users\user\.m2\repository\org\apache\logging\log4j\log4j-api\2.19.0\log4j-api-2.19.0.jar;C:\Users\user\.m2\repository\org\slf4j\jul-to-slf4j\2.0.6\jul-to-slf4j-2.0.6.jar;C:\Users\user\.m2\repository\jakarta\annotation\jakarta.annotation-api\2.1.1\jakarta.annotation-api-2.1.1.jar;C:\Users\user\.m2\repository\org\yaml\snakeyaml\1.33\snakeyaml-1.33.jar;C:\Users\user\.m2\repository\org\springframework\boot\spring-boot-actuator-autoconfigure\3.0.2\spring-boot-actuator-autoconfigure-3.0.2.jar;C:\Users\user\.m2\repository\org\springframework\boot\spring-boot-actuator\3.0.2\spring-boot-actuator-3.0.2.jar;C:\Users\user\.m2\repository\com\fasterxml\jackson\core\jackson-databind\2.14.1\jackson-databind-2.14.1.jar;C:\Users\user\.m2\repository\com\fasterxml\jackson\datatype\jackson-datatype-jsr310\2.14.1\jackson-datatype-jsr310-2.14.1.jar;C:\Users\user\.m2\repository\io\micrometer\micrometer-observation\1.10.3\micrometer-observation-1.10.3.jar;C:\Users\user\.m2\repository\io\micrometer\micrometer-commons\1.10.3\micrometer-commons-1.10.3.ja
Launcher Type: SUN_STANDARD

[Global flags]
     intx CICompilerCount                          = 3                                         {product} {ergonomic}
     uint ConcGCThreads                            = 1                                         {product} {ergonomic}
     uint G1ConcRefinementThreads                  = 4                                         {product} {ergonomic}
   size_t G1HeapRegionSize                         = 1048576                                   {product} {ergonomic}
    uintx GCDrainStackTargetSize                   = 64                                        {product} {ergonomic}
   size_t InitialHeapSize                          = 134217728                                 {product} {ergonomic}
     bool ManagementServer                         = true                                      {product} {command line}
   size_t MarkStackSize                            = 4194304                                   {product} {ergonomic}
   size_t MaxHeapSize                              = 2118123520                                {product} {ergonomic}
   size_t MinHeapDeltaBytes                        = 1048576                                   {product} {ergonomic}
   size_t MinHeapSize                              = 8388608                                   {product} {ergonomic}
    uintx NonProfiledCodeHeapSize                  = 0                                      {pd product} {ergonomic}
     bool ProfileInterpreter                       = false                                  {pd product} {command line}
    uintx ProfiledCodeHeapSize                     = 0                                      {pd product} {ergonomic}
   size_t SoftMaxHeapSize                          = 2118123520                             {manageable} {ergonomic}
     intx TieredStopAtLevel                        = 1                                         {product} {command line}
     bool UseCompressedClassPointers               = true                           {product lp64_product} {ergonomic}
     bool UseCompressedOops                        = true                           {product lp64_product} {ergonomic}
     bool UseG1GC                                  = true                                      {product} {ergonomic}
     bool UseLargePagesIndividualAllocation        = false                                  {pd product} {ergonomic}

Logging:
Log output configuration:
 #0: stdout all=warning uptime,level,tags
 #1: stderr all=off uptime,level,tags

Environment Variables:
JAVA_HOME=C:\Program Files\Java\jdk-17.0.5
PATH=C:\Program Files\Common Files\Oracle\Java\javapath;C:\Windows\system32;C:\Windows;C:\Windows\System32\Wbem;C:\Windows\System32\WindowsPowerShell\v1.0\;C:\Windows\System32\OpenSSH\;C:\Program Files\Docker\Docker\resources\bin;C:\Program Files\Git\cmd;C:\Program Files\nodejs\;C:\Program Files\MySQL\MySQL Shell 8.0\bin\;C:\Users\user\AppData\Local\Microsoft\WindowsApps;;C:\Users\user\AppData\Local\Programs\Microsoft VS Code\bin;C:\Users\user\AppData\Roaming\npm
USERNAME=user
OS=Windows_NT
PROCESSOR_IDENTIFIER=Intel64 Family 6 Model 58 Stepping 9, GenuineIntel



---------------  S Y S T E M  ---------------

OS:
 Windows 10 , 64 bit Build 19041 (10.0.19041.2546)
OS uptime: 8 days 13:40 hours
Hyper-V role detected

CPU: total 4 (initial active 4) (2 cores per cpu, 2 threads per core) family 6 model 58 stepping 9 microcode 0x21, cx8, cmov, fxsr, ht, mmx, sse, sse2, sse3, ssse3, sse4.1, sse4.2, popcnt, tsc, tscinvbit, avx, aes, erms, clmul, vzeroupper, clflush, hv

Memory: 4k page, system-wide physical 8073M (400M free)
TotalPageFile size 32649M (AvailPageFile size 13M)
current process WorkingSet (physical memory assigned to process): 10M, peak: 10M
current process commit charge ("private bytes"): 46M, peak: 174M

vm_info: Java HotSpot(TM) 64-Bit Server VM (17.0.5+9-LTS-191) for windows-amd64 JRE (17.0.5+9-LTS-191), built on Sep 13 2022 17:31:43 by "mach5one" with MS VC++ 16.8 / 16.9 (VS2019)

END.
